[18:55:19] [main/INFO]: Loading Minecraft 1.18.1 with Fabric Loader 0.13.3
[18:55:19] [main/INFO]: Fabric is preparing JARs on first launch, this may take a few seconds...
[18:55:19] [main/INFO]: Loading 47 mods:
	- com_velocitypowered_velocity-native 1.1.0-SNAPSHOT via krypton
	- dynview 1.18-1.7
	- fabric 0.46.6+1.18
	- fabric-api-base 0.4.2+d7c144a865 via fabric
	- fabric-api-lookup-api-v1 1.5.3+d7c144a865 via fabric
	- fabric-biome-api-v1 6.0.2+d7c144a865 via fabric
	- fabric-command-api-v1 1.1.7+d7c144a865 via fabric
	- fabric-commands-v0 0.2.6+b4f4f6cd65 via fabric
	- fabric-containers-v0 0.1.19+d7c144a865 via fabric
	- fabric-content-registries-v0 0.4.9+d7c144a865 via fabric
	- fabric-crash-report-info-v1 0.1.9+3ac43d9565 via fabric
	- fabric-dimensions-v1 2.1.10+a1d9bbf565 via fabric
	- fabric-entity-events-v1 1.4.6+d7c144a865 via fabric
	- fabric-events-interaction-v0 0.4.17+d7c144a865 via fabric
	- fabric-events-lifecycle-v0 0.2.9+d7c144a865 via fabric
	- fabric-game-rule-api-v1 1.0.11+d7c144a865 via fabric
	- fabric-item-api-v1 1.3.1+691a79b565 via fabric
	- fabric-item-groups-v0 0.3.7+3ac43d9565 via fabric
	- fabric-lifecycle-events-v1 1.4.13+713c266865 via fabric
	- fabric-loot-tables-v1 1.0.9+d7c144a865 via fabric
	- fabric-mining-level-api-v1 1.0.7+d7c144a865 via fabric
	- fabric-mining-levels-v0 0.1.12+b4f4f6cd65 via fabric
	- fabric-networking-api-v1 1.0.19+d7c144a865 via fabric
	- fabric-networking-v0 0.3.6+b4f4f6cd65 via fabric
	- fabric-object-builder-api-v1 1.11.5+737332ce65 via fabric
	- fabric-object-builders-v0 0.7.13+d7c144a865 via fabric
	- fabric-particles-v1 0.2.10+526dc1ac65 via fabric
	- fabric-permissions-api-v0 0.1-SNAPSHOT via spark
	- fabric-registry-sync-v0 0.9.2+ad01bfbd65 via fabric
	- fabric-rendering-data-attachment-v1 0.3.5+d7c144a865 via fabric
	- fabric-rendering-fluids-v1 0.1.19+3ac43d9565 via fabric
	- fabric-resource-conditions-api-v1 1.0.2+d7c144a865 via fabric
	- fabric-resource-loader-v0 0.4.15+8906aafd65 via fabric
	- fabric-screen-handler-api-v1 1.1.12+d7c144a865 via fabric
	- fabric-structure-api-v1 2.1.3+d7c144a865 via fabric
	- fabric-tag-extensions-v0 1.2.9+d7c144a865 via fabric
	- fabric-tool-attribute-api-v1 1.3.9+fb3b57b465 via fabric
	- fabric-transfer-api-v1 1.5.10+c329913d65 via fabric
	- fabricloader 0.13.3
	- ferritecore 4.1.2
	- java 17
	- krypton 0.1.6
	- lithium 0.7.8
	- minecraft 1.18.1
	- seedfix 1.0.0 via terralith
	- spark 1.8.6
	- terralith 2.0.12
[18:55:19] [main/INFO]: SpongePowered MIXIN Subsystem Version=0.8.5 Source=file:/C:/Users/redoc/Documents/Fast-Fabric-Test/fast-fabric-1.18.1/libraries/net/fabricmc/sponge-mixin/0.11.2+mixin.0.8.5/sponge-mixin-0.11.2+mixin.0.8.5.jar Service=Knot/Fabric Env=SERVER
[18:55:19] [main/INFO]: Compatibility level set to JAVA_17
[18:55:19] [main/INFO]: Loaded configuration file for Lithium: 102 options available, 2 override(s) found
[18:55:20] [main/WARN]: Force-disabling mixin 'alloc.blockstate.StateMixin' as rule 'mixin.alloc.blockstate' (added by mods [ferritecore]) disables it and children
[18:55:20] [main/WARN]: Force-disabling mixin 'world.player_chunk_tick.ThreadedAnvilChunkStorageMixin' as rule 'mixin.world.player_chunk_tick' (added by mods [krypton]) disables it and children
[18:55:22] [main/WARN]: @Inject(@At("INVOKE")) Shift.BY=3 on fabric-lifecycle-events-v1.mixins.json:server.WorldChunkMixin::handler$zcb000$onLoadBlockEntity exceeds the maximum allowed value: 0. Increase the value of maxShiftBy to suppress this warning.
[18:55:24] [main/INFO]: Compression will use Java 11, encryption will use Java
[18:55:24] [main/INFO]: Loaded seedfix v1.0.0 by Justsnoopy30!
[18:55:24] [main/INFO]: Krypton is now accelerating your Minecraft server's networking stack ?
[18:55:25] [main/INFO]: Environment: authHost='https://authserver.mojang.com', accountsHost='https://api.mojang.com', sessionHost='https://sessionserver.mojang.com', servicesHost='https://api.minecraftservices.com', name='PROD'
[18:55:26] [main/INFO]: Found new data pack Fabric Mods, loading it automatically
[18:55:26] [main/WARN]: Ambiguity between arguments [teleport, location] and [teleport, destination] with inputs: [0.1 -0.5 .9, 0 0 0]
[18:55:26] [main/WARN]: Ambiguity between arguments [teleport, location] and [teleport, targets] with inputs: [0.1 -0.5 .9, 0 0 0]
[18:55:26] [main/WARN]: Ambiguity between arguments [teleport, destination] and [teleport, targets] with inputs: [Player, 0123, @e, dd12be42-52a9-4a91-a8a1-11c01849e498]
[18:55:26] [main/WARN]: Ambiguity between arguments [teleport, targets] and [teleport, destination] with inputs: [Player, 0123, dd12be42-52a9-4a91-a8a1-11c01849e498]
[18:55:26] [main/WARN]: Ambiguity between arguments [teleport, targets, location] and [teleport, targets, destination] with inputs: [0.1 -0.5 .9, 0 0 0]
[18:55:26] [main/INFO]: Reloading ResourceManager: Default, Fabric Mods (Fabric Tool Attribute API (v1), Terralith for Fabric)
[18:55:27] [Worker-Main-16/INFO]: Loaded 7 recipes
[18:55:27] [Worker-Main-16/INFO]: Loaded 1141 advancements
[18:55:33] [main/INFO]: Applied 0 biome modifications to 0 of 156 new biomes in 35.47 ms
[18:55:34] [Server thread/INFO]: Starting minecraft server version 1.18.1
[18:55:34] [Server thread/INFO]: Loading properties
[18:55:34] [Server thread/INFO]: Default game type: SURVIVAL
[18:55:34] [Server thread/INFO]: Generating keypair
[18:55:34] [Server thread/INFO]: Starting Minecraft server on *:25565
[18:55:34] [Server thread/INFO]: Using default channel type
[18:55:35] [Server thread/INFO]: Preparing level "world"
[18:55:35] [Server thread/WARN]: Method overwrite conflict for method_12334 in lithium.mixins.json:chunk.no_locking.PalettedContainerMixin, previously written by malte0811.ferritecore.mixin.threaddetec.PalettedContainerMixin. Skipping method.
[18:55:35] [Server thread/WARN]: Method overwrite conflict for method_12335 in lithium.mixins.json:chunk.no_locking.PalettedContainerMixin, previously written by malte0811.ferritecore.mixin.threaddetec.PalettedContainerMixin. Skipping method.
[18:55:50] [Server thread/INFO]: Preparing start region for dimension minecraft:overworld
[18:55:50] [Worker-Main-14/INFO]: Preparing spawn area: 0%
[18:55:50] [Worker-Main-25/INFO]: Preparing spawn area: 0%
[18:55:51] [Worker-Main-17/INFO]: Preparing spawn area: 0%
[18:55:51] [Worker-Main-16/INFO]: Preparing spawn area: 0%
[18:55:52] [Worker-Main-18/INFO]: Preparing spawn area: 0%
[18:55:52] [Worker-Main-15/INFO]: Preparing spawn area: 1%
[18:55:53] [Worker-Main-25/INFO]: Preparing spawn area: 2%
[18:55:53] [Worker-Main-16/INFO]: Preparing spawn area: 3%
[18:55:54] [Worker-Main-18/INFO]: Preparing spawn area: 4%
[18:55:54] [Worker-Main-19/INFO]: Preparing spawn area: 5%
[18:55:55] [Worker-Main-17/INFO]: Preparing spawn area: 7%
[18:55:55] [Worker-Main-25/INFO]: Preparing spawn area: 9%
[18:55:56] [Worker-Main-23/INFO]: Preparing spawn area: 10%
[18:55:56] [Worker-Main-12/INFO]: Preparing spawn area: 12%
[18:55:57] [Worker-Main-25/INFO]: Preparing spawn area: 14%
[18:55:57] [Worker-Main-23/INFO]: Preparing spawn area: 15%
[18:55:58] [Worker-Main-25/INFO]: Preparing spawn area: 17%
[18:55:58] [Server thread/WARN]: @Redirect conflict. Skipping lithium.mixins.json:alloc.entity_tracker.EntityTrackerMixin->@Redirect::useFasterCollection()Ljava/util/Set; from mod lithium with priority 1000, already redirected by krypton.mixins.json:shared.network.microopt.TacsTrackedEntityMixin->@Redirect::construct$useFastutil()Ljava/util/Set; from mod krypton with priority 1000
[18:55:58] [Worker-Main-13/INFO]: Preparing spawn area: 19%
[18:55:59] [Worker-Main-18/INFO]: Preparing spawn area: 22%
[18:55:59] [Worker-Main-24/INFO]: Preparing spawn area: 25%
[18:56:00] [Worker-Main-25/INFO]: Preparing spawn area: 26%
[18:56:00] [Worker-Main-18/INFO]: Preparing spawn area: 28%
[18:56:01] [Worker-Main-17/INFO]: Preparing spawn area: 31%
[18:56:01] [Worker-Main-16/INFO]: Preparing spawn area: 33%
[18:56:02] [Worker-Main-24/INFO]: Preparing spawn area: 34%
[18:56:02] [Worker-Main-16/INFO]: Preparing spawn area: 35%
[18:56:03] [Worker-Main-14/INFO]: Preparing spawn area: 39%
[18:56:03] [Worker-Main-18/INFO]: Preparing spawn area: 42%
[18:56:04] [Worker-Main-12/INFO]: Preparing spawn area: 43%
[18:56:04] [Worker-Main-16/INFO]: Preparing spawn area: 44%
[18:56:05] [Worker-Main-17/INFO]: Preparing spawn area: 47%
[18:56:05] [Worker-Main-16/INFO]: Preparing spawn area: 50%
[18:56:06] [Worker-Main-19/INFO]: Preparing spawn area: 52%
[18:56:06] [Worker-Main-15/INFO]: Preparing spawn area: 55%
[18:56:07] [Worker-Main-19/INFO]: Preparing spawn area: 56%
[18:56:07] [Worker-Main-23/INFO]: Preparing spawn area: 58%
[18:56:08] [Worker-Main-19/INFO]: Preparing spawn area: 61%
[18:56:08] [Worker-Main-25/INFO]: Preparing spawn area: 64%
[18:56:09] [Worker-Main-13/INFO]: Preparing spawn area: 67%
[18:56:09] [Worker-Main-15/INFO]: Preparing spawn area: 69%
[18:56:10] [Worker-Main-25/INFO]: Preparing spawn area: 71%
[18:56:10] [Worker-Main-19/INFO]: Preparing spawn area: 74%
[18:56:11] [Worker-Main-19/INFO]: Preparing spawn area: 77%
[18:56:11] [Worker-Main-25/INFO]: Preparing spawn area: 80%
[18:56:12] [Worker-Main-15/INFO]: Preparing spawn area: 82%
[18:56:12] [Worker-Main-23/INFO]: Preparing spawn area: 84%
[18:56:13] [Worker-Main-14/INFO]: Preparing spawn area: 87%
[18:56:13] [Worker-Main-17/INFO]: Preparing spawn area: 89%
[18:56:14] [Worker-Main-12/INFO]: Preparing spawn area: 92%
[18:56:14] [Worker-Main-18/INFO]: Preparing spawn area: 95%
[18:56:15] [Worker-Main-13/INFO]: Preparing spawn area: 98%
[18:56:15] [Server thread/INFO]: Time elapsed: 25095 ms
[18:56:15] [Server thread/INFO]: Done (40.056s)! For help, type "help"
[18:57:20] [Server thread/INFO]: Stopping server
[18:57:20] [Server thread/INFO]: Saving players
[18:57:20] [Server thread/INFO]: Saving worlds
[18:57:20] [Server thread/INFO]: Saving chunks for level 'ServerLevel[world]'/minecraft:overworld
[18:57:20] [Server thread/INFO]: Saving chunks for level 'ServerLevel[world]'/minecraft:the_nether
[18:57:20] [Server thread/INFO]: Saving chunks for level 'ServerLevel[world]'/minecraft:the_end
[18:57:20] [Server thread/INFO]: ThreadedAnvilChunkStorage (world): All chunks are saved
[18:57:20] [Server thread/INFO]: ThreadedAnvilChunkStorage (DIM-1): All chunks are saved
[18:57:20] [Server thread/INFO]: ThreadedAnvilChunkStorage (DIM1): All chunks are saved
[18:57:20] [Server thread/INFO]: ThreadedAnvilChunkStorage: All dimensions are saved
